<?xml version="1.0" encoding="UTF-8"?>
<testsuite xmlns:xsi="http://www.w3.org/2001/XMLSchema-instance" xsi:noNamespaceSchemaLocation="https://maven.apache.org/surefire/maven-surefire-plugin/xsd/surefire-test-report-3.0.xsd" version="3.0" name="stepDefs.TestRunner" time="64.511" tests="4" errors="0" skipped="0" failures="0">
  <properties>
[...]
</properties>
  <testcase name="Add the product to Cart" classname="This feature will be used to test the Add to cart functionality" time="28.626">
    <system-out><![CDATA[
@AddToCart
Scenario: Add the product to Cart                                            # src/test/java/features/AddToCart.feature:11
  Given I have launched the application                                      # stepDefs.SwabLoginStepDefs.i_have_launched_the_application()
  When I enter username as "standard_user"                                   # stepDefs.SwabLoginStepDefs.i_enter_username_as(java.lang.String)
  And I enter password as "secret_sauce"                                     # stepDefs.SwabLoginStepDefs.i_enter_password_as(java.lang.String)
  And I click on Login button                                                # stepDefs.SwabLoginStepDefs.i_click_on_Login_button()
  Then I should land on home page "https://www.saucedemo.com/inventory.html" # stepDefs.SwabLoginStepDefs.i_should_land_on_home_page(java.lang.String)
  When I click on the Product name as "Sauce Labs Backpack"                  # stepDefs.AddToCartStepDefs.i_click_on_the_Product_name_as(java.lang.String)
  And I click on the Add to cart Button                                      # stepDefs.AddToCartStepDefs.i_click_on_the_Add_to_cart_Button()
  And I click on Shopping cart link                                          # stepDefs.AddToCartStepDefs.i_click_on_shopping_cart_link()
  Then I verify the item on cart page                                        # stepDefs.AddToCartStepDefs.i_verify_the_item_on_cart_page()
]]></system-out>
    <system-err><![CDATA[May 29, 2023 5:10:30 PM io.cucumber.junit.Cucumber <init>
WARNING: By default Cucumber is running in --non-strict mode.
This default will change to --strict and --non-strict will be removed.
You can use --strict or @CucumberOptions(strict = true) to suppress this warning
SLF4J: Failed to load class "org.slf4j.impl.StaticLoggerBinder".
SLF4J: Defaulting to no-operation (NOP) logger implementation
SLF4J: See http://www.slf4j.org/codes.html#StaticLoggerBinder for further details.
Starting ChromeDriver 113.0.5672.63 (0e1a4471d5ae5bf128b1bd8f4d627c8cbd55f70c-refs/branch-heads/5672@{#912}) on port 37586
Only local connections are allowed.
Please see https://chromedriver.chromium.org/security-considerations for suggestions on keeping ChromeDriver safe.
ChromeDriver was started successfully.
May 29, 2023 5:10:41 PM org.openqa.selenium.remote.ProtocolHandshake createSession
INFO: Detected dialect: W3C
]]></system-err>
  </testcase>
  <testcase name="Validate the Login success scenario using parameters" classname="This feature will be used to test the login functionality Swag Labs" time="12.519">
    <system-out><![CDATA[
@Login
Scenario: Validate the Login success scenario using parameters               # src/test/java/features/SwabLogin.feature:4
  Given I have launched the application                                      # stepDefs.SwabLoginStepDefs.i_have_launched_the_application()
  When I enter username as "standard_user"                                   # stepDefs.SwabLoginStepDefs.i_enter_username_as(java.lang.String)
  And I enter password as "secret_sauce"                                     # stepDefs.SwabLoginStepDefs.i_enter_password_as(java.lang.String)
  And I click on Login button                                                # stepDefs.SwabLoginStepDefs.i_click_on_Login_button()
  Then I should land on home page "https://www.saucedemo.com/inventory.html" # stepDefs.SwabLoginStepDefs.i_should_land_on_home_page(java.lang.String)
]]></system-out>
    <system-err><![CDATA[Starting ChromeDriver 113.0.5672.63 (0e1a4471d5ae5bf128b1bd8f4d627c8cbd55f70c-refs/branch-heads/5672@{#912}) on port 2724
Only local connections are allowed.
Please see https://chromedriver.chromium.org/security-considerations for suggestions on keeping ChromeDriver safe.
ChromeDriver was started successfully.
May 29, 2023 5:11:04 PM org.openqa.selenium.remote.ProtocolHandshake createSession
INFO: Detected dialect: W3C
]]></system-err>
  </testcase>
  <testcase name="Validate the Login failure scenario using examples" classname="This feature will be used to test the login functionality Swag Labs" time="10.873">
    <system-out><![CDATA[
@Login
Scenario Outline: Validate the Login failure scenario using examples                                                 # src/test/java/features/SwabLogin.feature:20
  Given I have launched the application                                                                              # stepDefs.SwabLoginStepDefs.i_have_launched_the_application()
  When I enter username as "pstandard_user"                                                                          # stepDefs.SwabLoginStepDefs.i_enter_username_as(java.lang.String)
  And I enter password as "12345"                                                                                    # stepDefs.SwabLoginStepDefs.i_enter_password_as(java.lang.String)
  And I click on Login button                                                                                        # stepDefs.SwabLoginStepDefs.i_click_on_Login_button()
  Then I should get the error message as "Epic sadface: Username and password do not match any user in this service" # stepDefs.SwabLoginStepDefs.i_should_get_the_error_message_as(java.lang.String)
]]></system-out>
    <system-err><![CDATA[Starting ChromeDriver 113.0.5672.63 (0e1a4471d5ae5bf128b1bd8f4d627c8cbd55f70c-refs/branch-heads/5672@{#912}) on port 9100
Only local connections are allowed.
Please see https://chromedriver.chromium.org/security-considerations for suggestions on keeping ChromeDriver safe.
ChromeDriver was started successfully.
May 29, 2023 5:11:17 PM org.openqa.selenium.remote.ProtocolHandshake createSession
INFO: Detected dialect: W3C
]]></system-err>
  </testcase>
  <testcase name="Validate the Login failure scenario using examples" classname="This feature will be used to test the login functionality Swag Labs" time="11.746">
    <system-out><![CDATA[
@Login
Scenario Outline: Validate the Login failure scenario using examples                           # src/test/java/features/SwabLogin.feature:21
  Given I have launched the application                                                        # stepDefs.SwabLoginStepDefs.i_have_launched_the_application()
  When I enter username as "locked_out_user"                                                   # stepDefs.SwabLoginStepDefs.i_enter_username_as(java.lang.String)
  And I enter password as "secret_sauce"                                                       # stepDefs.SwabLoginStepDefs.i_enter_password_as(java.lang.String)
  And I click on Login button                                                                  # stepDefs.SwabLoginStepDefs.i_click_on_Login_button()
  Then I should get the error message as "Epic sadface: Sorry, this user has been locked out." # stepDefs.SwabLoginStepDefs.i_should_get_the_error_message_as(java.lang.String)
]]></system-out>
    <system-err><![CDATA[Starting ChromeDriver 113.0.5672.63 (0e1a4471d5ae5bf128b1bd8f4d627c8cbd55f70c-refs/branch-heads/5672@{#912}) on port 6591
Only local connections are allowed.
Please see https://chromedriver.chromium.org/security-considerations for suggestions on keeping ChromeDriver safe.
ChromeDriver was started successfully.
May 29, 2023 5:11:27 PM org.openqa.selenium.remote.ProtocolHandshake createSession
INFO: Detected dialect: W3C
]]></system-err>
  </testcase>
</testsuite>